Compose down...
 Container broker  Stopping
 Container go  Stopping
 Container schema-registry  Stopping
 Container schema-registry  Stopped
 Container schema-registry  Removing
 Container schema-registry  Removed
 Container broker  Stopped
 Container broker  Removing
 Container broker  Removed
 Container go  Stopped
 Container go  Removing
 Container go  Removed
 Network confluent-kafka-go-performance_default  Removing
 Network confluent-kafka-go-performance_default  Removed
Compose up...
#0 building with "pensive_khayyam" instance using docker-container driver

#1 [go internal] load build definition from Dockerfile_go
#1 transferring dockerfile: 323B done
#1 DONE 0.0s

#2 [go auth] library/golang:pull token for registry-1.docker.io
#2 DONE 0.0s

#3 [go internal] load metadata for docker.io/library/golang:1.23
#3 DONE 1.0s

#4 [go internal] load .dockerignore
#4 transferring context: 2B done
#4 DONE 0.0s

#5 [go 1/3] FROM docker.io/library/golang:1.23@sha256:a7f2fc9834049c1f5df787690026a53738e55fc097cd8a4a93faa3e06c67ee32
#5 resolve docker.io/library/golang:1.23@sha256:a7f2fc9834049c1f5df787690026a53738e55fc097cd8a4a93faa3e06c67ee32 0.0s done
#5 DONE 0.0s

#6 [go 2/3] RUN apt-get update && apt-get install -y     protobuf-compiler     graphviz     && go install google.golang.org/protobuf/cmd/protoc-gen-go@latest     && go install google.golang.org/grpc/cmd/protoc-gen-go-grpc@latest     && apt-get clean
#6 CACHED

#7 [go 3/3] WORKDIR /host
#7 CACHED

#8 [go] exporting to docker image format
#8 exporting layers done
#8 exporting manifest sha256:cc233e99d6abf45b31c26c084503fcd1203070e6a91abc0e26d38a40f7b0a03f done
#8 exporting config sha256:276a47ffd10657904fb37fc6bfdac6d443cd5f35b3f7860f13b409383c2596d6 done
#8 sending tarball
#8 sending tarball 1.0s done
#8 DONE 1.0s

#9 [go] importing to docker
#9 DONE 0.0s

#10 [go] resolving provenance for metadata file
#10 DONE 0.0s
 Network confluent-kafka-go-performance_default  Creating
 Network confluent-kafka-go-performance_default  Created
 Container broker  Creating
 Container go  Creating
 Container schema-registry  Creating
 Container go  Created
 Container broker  Created
 Container schema-registry  Created
 Container broker  Starting
 Container go  Starting
 Container schema-registry  Starting
 Container go  Started
 Container schema-registry  Started
 Container broker  Started
Wait to fully start...
Creating kafka topic...
Created topic yourtopic.
Running go...
Protobuf+schemaregistry: Serialized 1000000 messages in 1.603282821s
Pure protobuf: Serialized 1000000 messages in 99.182533ms
